Started GET "/" for 127.0.0.1 at 2017-04-11 19:35:53 +0200
  
ActiveRecord::PendingMigrationError (

Migrations are pending. To resolve this issue, run:

        bin/rails db:migrate RAILS_ENV=development

):
  
activerecord (5.0.1) lib/active_record/migration.rb:573:in `check_pending!'
activerecord (5.0.1) lib/active_record/migration.rb:549:in `call'
actionpack (5.0.1) lib/action_dispatch/middleware/callbacks.rb:38:in `block in call'
activesupport (5.0.1) lib/active_support/callbacks.rb:97:in `__run_callbacks__'
activesupport (5.0.1) lib/active_support/callbacks.rb:750:in `_run_call_callbacks'
activesupport (5.0.1) lib/active_support/callbacks.rb:90:in `run_callbacks'
actionpack (5.0.1) lib/action_dispatch/middleware/callbacks.rb:36:in `call'
actionpack (5.0.1) lib/action_dispatch/middleware/executor.rb:12:in `call'
actionpack (5.0.1) lib/action_dispatch/middleware/remote_ip.rb:79:in `call'
actionpack (5.0.1) lib/action_dispatch/middleware/debug_exceptions.rb:49:in `call'
web-console (3.4.0) lib/web_console/middleware.rb:135:in `call_app'
web-console (3.4.0) lib/web_console/middleware.rb:28:in `block in call'
web-console (3.4.0) lib/web_console/middleware.rb:18:in `catch'
web-console (3.4.0) lib/web_console/middleware.rb:18:in `call'
actionpack (5.0.1) lib/action_dispatch/middleware/show_exceptions.rb:31:in `call'
railties (5.0.1) lib/rails/rack/logger.rb:36:in `call_app'
railties (5.0.1) lib/rails/rack/logger.rb:24:in `block in call'
activesupport (5.0.1) lib/active_support/tagged_logging.rb:69:in `block in tagged'
activesupport (5.0.1) lib/active_support/tagged_logging.rb:26:in `tagged'
activesupport (5.0.1) lib/active_support/tagged_logging.rb:69:in `tagged'
railties (5.0.1) lib/rails/rack/logger.rb:24:in `call'
sprockets-rails (3.2.0) lib/sprockets/rails/quiet_assets.rb:13:in `call'
actionpack (5.0.1) lib/action_dispatch/middleware/request_id.rb:24:in `call'
rack (2.0.1) lib/rack/method_override.rb:22:in `call'
rack (2.0.1) lib/rack/runtime.rb:22:in `call'
activesupport (5.0.1) lib/active_support/cache/strategy/local_cache_middleware.rb:28:in `call'
actionpack (5.0.1) lib/action_dispatch/middleware/executor.rb:12:in `call'
actionpack (5.0.1) lib/action_dispatch/middleware/static.rb:136:in `call'
rack (2.0.1) lib/rack/sendfile.rb:111:in `call'
railties (5.0.1) lib/rails/engine.rb:522:in `call'
puma (3.7.0) lib/puma/configuration.rb:226:in `call'
puma (3.7.0) lib/puma/server.rb:578:in `handle_request'
puma (3.7.0) lib/puma/server.rb:415:in `process_client'
puma (3.7.0) lib/puma/server.rb:275:in `block in run'
puma (3.7.0) lib/puma/thread_pool.rb:120:in `call'
puma (3.7.0) lib/puma/thread_pool.rb:120:in `block in spawn_thread'
  Rendering /Users/janhorvat/.rvm/gems/ruby-2.2.2/gems/actionpack-5.0.1/lib/action_dispatch/middleware/templates/rescues/diagnostics.html.erb within rescues/layout
  Rendering /Users/janhorvat/.rvm/gems/ruby-2.2.2/gems/actionpack-5.0.1/lib/action_dispatch/middleware/templates/rescues/_source.html.erb
  Rendered /Users/janhorvat/.rvm/gems/ruby-2.2.2/gems/actionpack-5.0.1/lib/action_dispatch/middleware/templates/rescues/_source.html.erb (8.6ms)
  Rendering /Users/janhorvat/.rvm/gems/ruby-2.2.2/gems/actionpack-5.0.1/lib/action_dispatch/middleware/templates/rescues/_trace.html.erb
  Rendered /Users/janhorvat/.rvm/gems/ruby-2.2.2/gems/actionpack-5.0.1/lib/action_dispatch/middleware/templates/rescues/_trace.html.erb (6.4ms)
  Rendering /Users/janhorvat/.rvm/gems/ruby-2.2.2/gems/actionpack-5.0.1/lib/action_dispatch/middleware/templates/rescues/_request_and_response.html.erb
  Rendered /Users/janhorvat/.rvm/gems/ruby-2.2.2/gems/actionpack-5.0.1/lib/action_dispatch/middleware/templates/rescues/_request_and_response.html.erb (1.5ms)
  Rendered /Users/janhorvat/.rvm/gems/ruby-2.2.2/gems/actionpack-5.0.1/lib/action_dispatch/middleware/templates/rescues/diagnostics.html.erb within rescues/layout (100.9ms)
  [1m[35m (0.9ms)[0m  [1m[35mCREATE TABLE "schema_migrations" ("version" varchar NOT NULL PRIMARY KEY)[0m
  [1m[35m (0.8ms)[0m  [1m[35mCREATE TABLE "ar_internal_metadata" ("key" varchar NOT NULL PRIMARY KEY, "value" varchar, "created_at" datetime NOT NULL, "updated_at" datetime NOT NULL)[0m
  [1m[36mActiveRecord::SchemaMigration Load (0.1ms)[0m  [1m[34mSELECT "schema_migrations".* FROM "schema_migrations"[0m
Migrating to CreateUsers (20170206144101)
  [1m[35m (0.1ms)[0m  [1m[36mbegin transaction[0m
  [1m[35m (0.4ms)[0m  [1m[35mCREATE TABLE "users" ("id" INTEGER PRIMARY KEY AUTOINCREMENT NOT NULL, "email" varchar, "password" varchar, "created_at" datetime NOT NULL, "updated_at" datetime NOT NULL)[0m
  [1m[35mSQL (0.2ms)[0m  [1m[32mINSERT INTO "schema_migrations" ("version") VALUES (?)[0m  [["version", "20170206144101"]]
  [1m[35m (0.6ms)[0m  [1m[36mcommit transaction[0m
Migrating to AddFullnameToUsers (20170206151334)
  [1m[35m (0.1ms)[0m  [1m[36mbegin transaction[0m
  [1m[35m (0.4ms)[0m  [1m[35mALTER TABLE "users" ADD "full_name" varchar[0m
  [1m[35mSQL (0.1ms)[0m  [1m[32mINSERT INTO "schema_migrations" ("version") VALUES (?)[0m  [["version", "20170206151334"]]
  [1m[35m (0.6ms)[0m  [1m[36mcommit transaction[0m
Migrating to CreateCats (20170207092013)
  [1m[35m (0.0ms)[0m  [1m[36mbegin transaction[0m
  [1m[35m (0.3ms)[0m  [1m[35mCREATE TABLE "cats" ("id" INTEGER PRIMARY KEY AUTOINCREMENT NOT NULL, "name" varchar, "colour" varchar, "created_at" datetime NOT NULL, "updated_at" datetime NOT NULL)[0m
  [1m[35mSQL (0.1ms)[0m  [1m[32mINSERT INTO "schema_migrations" ("version") VALUES (?)[0m  [["version", "20170207092013"]]
  [1m[35m (2.3ms)[0m  [1m[36mcommit transaction[0m
Migrating to AddUserIdToCat (20170207092350)
  [1m[35m (0.1ms)[0m  [1m[36mbegin transaction[0m
  [1m[35m (0.3ms)[0m  [1m[35mALTER TABLE "cats" ADD "user_id" integer[0m
  [1m[35mSQL (0.1ms)[0m  [1m[32mINSERT INTO "schema_migrations" ("version") VALUES (?)[0m  [["version", "20170207092350"]]
  [1m[35m (0.9ms)[0m  [1m[36mcommit transaction[0m
  [1m[36mActiveRecord::InternalMetadata Load (0.2ms)[0m  [1m[34mSELECT  "ar_internal_metadata".* FROM "ar_internal_metadata" WHERE "ar_internal_metadata"."key" = ? LIMIT ?[0m  [["key", :environment], ["LIMIT", 1]]
  [1m[35m (0.1ms)[0m  [1m[36mbegin transaction[0m
  [1m[35mSQL (0.4ms)[0m  [1m[32mINSERT INTO "ar_internal_metadata" ("key", "value", "created_at", "updated_at") VALUES (?, ?, ?, ?)[0m  [["key", "environment"], ["value", "development"], ["created_at", 2017-04-11 17:36:20 UTC], ["updated_at", 2017-04-11 17:36:20 UTC]]
  [1m[35m (0.7ms)[0m  [1m[36mcommit transaction[0m
  [1m[36mActiveRecord::SchemaMigration Load (0.1ms)[0m  [1m[34mSELECT "schema_migrations".* FROM "schema_migrations"[0m
Started GET "/" for 127.0.0.1 at 2017-04-11 19:36:22 +0200
  [1m[36mActiveRecord::SchemaMigration Load (0.1ms)[0m  [1m[34mSELECT "schema_migrations".* FROM "schema_migrations"[0m
Processing by Rails::WelcomeController#index as HTML
  Parameters: {"internal"=>true}
  Rendering /Users/janhorvat/.rvm/gems/ruby-2.2.2/gems/railties-5.0.1/lib/rails/templates/rails/welcome/index.html.erb
  Rendered /Users/janhorvat/.rvm/gems/ruby-2.2.2/gems/railties-5.0.1/lib/rails/templates/rails/welcome/index.html.erb (3.0ms)
Completed 200 OK in 18ms (Views: 5.4ms | ActiveRecord: 0.0ms)


Started GET "/users" for 127.0.0.1 at 2017-04-11 19:36:38 +0200
Processing by UsersController#index as HTML
  Rendering users/index.html.erb within layouts/application
  [1m[36mUser Load (0.1ms)[0m  [1m[34mSELECT "users".* FROM "users"[0m
  Rendered users/index.html.erb within layouts/application (2.3ms)
Completed 200 OK in 899ms (Views: 889.2ms | ActiveRecord: 0.4ms)


Started GET "/users/new" for 127.0.0.1 at 2017-04-11 19:36:41 +0200
Processing by UsersController#new as HTML
  Rendering users/new.html.erb within layouts/application
  Rendered users/_form.html.erb (47.2ms)
  Rendered users/new.html.erb within layouts/application (51.3ms)
Completed 200 OK in 101ms (Views: 78.8ms | ActiveRecord: 1.1ms)


Started GET "/users" for 127.0.0.1 at 2017-04-11 19:36:44 +0200
Processing by UsersController#index as HTML
  Rendering users/index.html.erb within layouts/application
  [1m[36mUser Load (0.4ms)[0m  [1m[34mSELECT "users".* FROM "users"[0m
  Rendered users/index.html.erb within layouts/application (3.4ms)
Completed 200 OK in 54ms (Views: 51.8ms | ActiveRecord: 0.3ms)


Started GET "/users/new" for 127.0.0.1 at 2017-04-11 19:36:47 +0200
Processing by UsersController#new as HTML
  Rendering users/new.html.erb within layouts/application
  Rendered users/_form.html.erb (7.2ms)
  Rendered users/new.html.erb within layouts/application (9.9ms)
Completed 200 OK in 56ms (Views: 53.3ms | ActiveRecord: 0.0ms)


Started POST "/users" for 127.0.0.1 at 2017-04-11 19:36:55 +0200
Processing by UsersController#create as HTML
  Parameters: {"utf8"=>"✓", "authenticity_token"=>"Rk7we4q7ZS49L//G1FcfGi1NzR2YfwQ11ePry3EQ+7n8aaWw16CUMeoWXCBTfa4eQ/CJz4wrvqraab4XnXVUQQ==", "user"=>{"full_name"=>"dsda", "email"=>"dasdas@sasd.asi", "password"=>"[FILTERED]"}, "commit"=>"Create User"}
  [1m[35m (0.1ms)[0m  [1m[36mbegin transaction[0m
  [1m[35mSQL (0.6ms)[0m  [1m[32mINSERT INTO "users" ("email", "password", "created_at", "updated_at", "full_name") VALUES (?, ?, ?, ?, ?)[0m  [["email", "dasdas@sasd.asi"], ["password", "das"], ["created_at", 2017-04-11 17:36:55 UTC], ["updated_at", 2017-04-11 17:36:55 UTC], ["full_name", "dsda"]]
  [1m[35m (0.6ms)[0m  [1m[36mcommit transaction[0m
Redirected to http://localhost:3000/users/1
Completed 302 Found in 14ms (ActiveRecord: 1.3ms)


Started GET "/users/1" for 127.0.0.1 at 2017-04-11 19:36:55 +0200
Processing by UsersController#show as HTML
  Parameters: {"id"=>"1"}
  [1m[36mUser Load (0.2ms)[0m  [1m[34mSELECT  "users".* FROM "users" WHERE "users"."id" = ? LIMIT ?[0m  [["id", 1], ["LIMIT", 1]]
  Rendering users/show.html.erb within layouts/application
  Rendered users/show.html.erb within layouts/application (10.3ms)
Completed 200 OK in 63ms (Views: 54.8ms | ActiveRecord: 0.2ms)


Started GET "/users" for 127.0.0.1 at 2017-04-11 19:37:11 +0200
Processing by UsersController#index as HTML
  Rendering users/index.html.erb within layouts/application
  [1m[36mUser Load (0.2ms)[0m  [1m[34mSELECT "users".* FROM "users"[0m
  Rendered users/index.html.erb within layouts/application (3.4ms)
Completed 200 OK in 51ms (Views: 48.9ms | ActiveRecord: 0.2ms)


Started GET "/users/1/cats/new" for 127.0.0.1 at 2017-04-11 19:37:13 +0200
Processing by CatsController#new as HTML
  Parameters: {"user_id"=>"1"}
  [1m[36mUser Load (1.3ms)[0m  [1m[34mSELECT  "users".* FROM "users" WHERE "users"."id" = ? LIMIT ?[0m  [["id", 1], ["LIMIT", 1]]
  Rendering cats/new.html.erb within layouts/application
  Rendered cats/_form.html.erb (7.1ms)
  Rendered cats/new.html.erb within layouts/application (9.6ms)
Completed 200 OK in 74ms (Views: 36.8ms | ActiveRecord: 2.3ms)


Started GET "/users/1/cats" for 127.0.0.1 at 2017-04-11 19:37:15 +0200
Processing by CatsController#index as HTML
  Parameters: {"user_id"=>"1"}
  [1m[36mUser Load (0.1ms)[0m  [1m[34mSELECT  "users".* FROM "users" WHERE "users"."id" = ? LIMIT ?[0m  [["id", 1], ["LIMIT", 1]]
  Rendering cats/index.html.erb within layouts/application
  [1m[36mCat Load (0.2ms)[0m  [1m[34mSELECT "cats".* FROM "cats" WHERE "cats"."user_id" = ?[0m  [["user_id", 1]]
  Rendered cats/index.html.erb within layouts/application (8.1ms)
Completed 200 OK in 85ms (Views: 28.6ms | ActiveRecord: 0.3ms)


Started GET "/users/1/cats/new" for 127.0.0.1 at 2017-04-11 19:37:18 +0200
Processing by CatsController#new as HTML
  Parameters: {"user_id"=>"1"}
  [1m[36mUser Load (0.1ms)[0m  [1m[34mSELECT  "users".* FROM "users" WHERE "users"."id" = ? LIMIT ?[0m  [["id", 1], ["LIMIT", 1]]
  Rendering cats/new.html.erb within layouts/application
  Rendered cats/_form.html.erb (4.3ms)
  Rendered cats/new.html.erb within layouts/application (7.8ms)
Completed 200 OK in 56ms (Views: 53.0ms | ActiveRecord: 0.1ms)


Started POST "/users/1/cats" for 127.0.0.1 at 2017-04-11 19:37:24 +0200
Processing by CatsController#create as HTML
  Parameters: {"utf8"=>"✓", "authenticity_token"=>"ZicMhBjgxGhwSGMyRgkgyXPqyZWAef5LqMhmhS7cd6HBrdlIqFnr68FyqW+i/EXIMmCOpylIOMfZdliWA51UKQ==", "cat"=>{"name"=>"fsdf", "colour"=>"fsdfs"}, "commit"=>"Create Cat", "user_id"=>"1"}
  [1m[36mUser Load (0.1ms)[0m  [1m[34mSELECT  "users".* FROM "users" WHERE "users"."id" = ? LIMIT ?[0m  [["id", 1], ["LIMIT", 1]]
  [1m[35m (0.0ms)[0m  [1m[36mbegin transaction[0m
  [1m[36mUser Load (0.1ms)[0m  [1m[34mSELECT  "users".* FROM "users" WHERE "users"."id" = ? LIMIT ?[0m  [["id", 1], ["LIMIT", 1]]
  [1m[35mSQL (0.3ms)[0m  [1m[32mINSERT INTO "cats" ("name", "colour", "created_at", "updated_at", "user_id") VALUES (?, ?, ?, ?, ?)[0m  [["name", "fsdf"], ["colour", "fsdfs"], ["created_at", 2017-04-11 17:37:24 UTC], ["updated_at", 2017-04-11 17:37:24 UTC], ["user_id", 1]]
  [1m[35m (0.8ms)[0m  [1m[36mcommit transaction[0m
Redirected to http://localhost:3000/users/1/cats.1
Completed 302 Found in 13ms (ActiveRecord: 1.3ms)


Started GET "/users/1/cats.1" for 127.0.0.1 at 2017-04-11 19:37:24 +0200
Processing by CatsController#index as 
  Parameters: {"user_id"=>"1"}
  [1m[36mUser Load (0.1ms)[0m  [1m[34mSELECT  "users".* FROM "users" WHERE "users"."id" = ? LIMIT ?[0m  [["id", 1], ["LIMIT", 1]]
  Rendering cats/index.html.erb within layouts/application
  [1m[36mCat Load (0.1ms)[0m  [1m[34mSELECT "cats".* FROM "cats" WHERE "cats"."user_id" = ?[0m  [["user_id", 1]]
  Rendered cats/index.html.erb within layouts/application (1.8ms)
Completed 200 OK in 44ms (Views: 29.5ms | ActiveRecord: 0.2ms)


Started GET "/users/1/cats" for 127.0.0.1 at 2017-04-11 19:37:30 +0200
Processing by CatsController#index as HTML
  Parameters: {"user_id"=>"1"}
  [1m[36mUser Load (0.2ms)[0m  [1m[34mSELECT  "users".* FROM "users" WHERE "users"."id" = ? LIMIT ?[0m  [["id", 1], ["LIMIT", 1]]
  Rendering cats/index.html.erb within layouts/application
  [1m[36mCat Load (0.3ms)[0m  [1m[34mSELECT "cats".* FROM "cats" WHERE "cats"."user_id" = ?[0m  [["user_id", 1]]
  Rendered cats/index.html.erb within layouts/application (9.1ms)
Completed 200 OK in 128ms (Views: 122.2ms | ActiveRecord: 0.5ms)


Started GET "/users/1/cats" for 127.0.0.1 at 2017-04-11 19:37:31 +0200
Processing by CatsController#index as HTML
  Parameters: {"user_id"=>"1"}
  [1m[36mUser Load (0.2ms)[0m  [1m[34mSELECT  "users".* FROM "users" WHERE "users"."id" = ? LIMIT ?[0m  [["id", 1], ["LIMIT", 1]]
  Rendering cats/index.html.erb within layouts/application
  [1m[36mCat Load (0.1ms)[0m  [1m[34mSELECT "cats".* FROM "cats" WHERE "cats"."user_id" = ?[0m  [["user_id", 1]]
  Rendered cats/index.html.erb within layouts/application (1.5ms)
Completed 200 OK in 21ms (Views: 18.6ms | ActiveRecord: 0.2ms)


Started GET "/users/1/cats/new" for 127.0.0.1 at 2017-04-11 19:37:33 +0200
Processing by CatsController#new as HTML
  Parameters: {"user_id"=>"1"}
  [1m[36mUser Load (0.3ms)[0m  [1m[34mSELECT  "users".* FROM "users" WHERE "users"."id" = ? LIMIT ?[0m  [["id", 1], ["LIMIT", 1]]
  Rendering cats/new.html.erb within layouts/application
  Rendered cats/_form.html.erb (19.1ms)
  Rendered cats/new.html.erb within layouts/application (26.7ms)
Completed 200 OK in 172ms (Views: 159.3ms | ActiveRecord: 0.3ms)


Started GET "/users" for 127.0.0.1 at 2017-04-11 19:37:34 +0200
Processing by UsersController#index as HTML
  Rendering users/index.html.erb within layouts/application
  [1m[36mUser Load (0.8ms)[0m  [1m[34mSELECT "users".* FROM "users"[0m
  Rendered users/index.html.erb within layouts/application (10.1ms)
Completed 200 OK in 118ms (Views: 101.1ms | ActiveRecord: 0.8ms)


Started GET "/users" for 127.0.0.1 at 2017-04-11 19:37:34 +0200
Processing by UsersController#index as HTML
  Rendering users/index.html.erb within layouts/application
  [1m[36mUser Load (0.1ms)[0m  [1m[34mSELECT "users".* FROM "users"[0m
  Rendered users/index.html.erb within layouts/application (1.9ms)
Completed 200 OK in 23ms (Views: 21.4ms | ActiveRecord: 0.1ms)


Started GET "/users/1" for 127.0.0.1 at 2017-04-11 19:37:36 +0200
Processing by UsersController#show as HTML
  Parameters: {"id"=>"1"}
  [1m[36mUser Load (0.2ms)[0m  [1m[34mSELECT  "users".* FROM "users" WHERE "users"."id" = ? LIMIT ?[0m  [["id", 1], ["LIMIT", 1]]
  Rendering users/show.html.erb within layouts/application
  Rendered users/show.html.erb within layouts/application (1.1ms)
Completed 200 OK in 42ms (Views: 38.0ms | ActiveRecord: 0.1ms)


Started GET "/users" for 127.0.0.1 at 2017-04-11 19:37:37 +0200
Processing by UsersController#index as HTML
  Rendering users/index.html.erb within layouts/application
  [1m[36mUser Load (0.2ms)[0m  [1m[34mSELECT "users".* FROM "users"[0m
  Rendered users/index.html.erb within layouts/application (2.5ms)
Completed 200 OK in 54ms (Views: 51.7ms | ActiveRecord: 0.1ms)


Started GET "/users/1/edit" for 127.0.0.1 at 2017-04-11 19:37:43 +0200
Processing by UsersController#edit as HTML
  Parameters: {"id"=>"1"}
  [1m[36mUser Load (0.1ms)[0m  [1m[34mSELECT  "users".* FROM "users" WHERE "users"."id" = ? LIMIT ?[0m  [["id", 1], ["LIMIT", 1]]
  Rendering users/edit.html.erb within layouts/application
  Rendered users/_form.html.erb (5.3ms)
  Rendered users/edit.html.erb within layouts/application (7.8ms)
Completed 200 OK in 42ms (Views: 37.0ms | ActiveRecord: 0.1ms)


  [1m[36mActiveRecord::SchemaMigration Load (0.2ms)[0m  [1m[34mSELECT "schema_migrations".* FROM "schema_migrations"[0m
  [1m[35m (1.0ms)[0m  [1m[34mSELECT "ar_internal_metadata"."value" FROM "ar_internal_metadata" WHERE "ar_internal_metadata"."key" = ?[0m  [["key", :environment]]
  [1m[36mActiveRecord::SchemaMigration Load (0.2ms)[0m  [1m[34mSELECT "schema_migrations".* FROM "schema_migrations"[0m
  [1m[35m (0.2ms)[0m  [1m[34mSELECT "ar_internal_metadata"."value" FROM "ar_internal_metadata" WHERE "ar_internal_metadata"."key" = ?[0m  [["key", :environment]]
  [1m[36mActiveRecord::SchemaMigration Load (0.1ms)[0m  [1m[34mSELECT "schema_migrations".* FROM "schema_migrations"[0m
  [1m[35m (0.1ms)[0m  [1m[34mSELECT "ar_internal_metadata"."value" FROM "ar_internal_metadata" WHERE "ar_internal_metadata"."key" = ?[0m  [["key", :environment]]
  [1m[35m (2.2ms)[0m  [1m[35mCREATE TABLE "schema_migrations" ("version" varchar NOT NULL PRIMARY KEY)[0m
  [1m[35m (1.1ms)[0m  [1m[35mCREATE TABLE "ar_internal_metadata" ("key" varchar NOT NULL PRIMARY KEY, "value" varchar, "created_at" datetime NOT NULL, "updated_at" datetime NOT NULL)[0m
  [1m[36mActiveRecord::SchemaMigration Load (0.1ms)[0m  [1m[34mSELECT "schema_migrations".* FROM "schema_migrations"[0m
Migrating to CreateUsers (20170206144101)
  [1m[35m (0.1ms)[0m  [1m[36mbegin transaction[0m
  [1m[35m (0.4ms)[0m  [1m[35mCREATE TABLE "users" ("id" INTEGER PRIMARY KEY AUTOINCREMENT NOT NULL, "name" varchar, "email" varchar, "age" integer, "created_at" datetime NOT NULL, "updated_at" datetime NOT NULL)[0m
  [1m[35mSQL (0.2ms)[0m  [1m[32mINSERT INTO "schema_migrations" ("version") VALUES (?)[0m  [["version", "20170206144101"]]
  [1m[35m (0.7ms)[0m  [1m[36mcommit transaction[0m
Migrating to CreateCats (20170207092013)
  [1m[35m (0.0ms)[0m  [1m[36mbegin transaction[0m
  [1m[35m (0.3ms)[0m  [1m[35mCREATE TABLE "cats" ("id" INTEGER PRIMARY KEY AUTOINCREMENT NOT NULL, "name" varchar, "colour" varchar, "created_at" datetime NOT NULL, "updated_at" datetime NOT NULL)[0m
  [1m[35mSQL (0.1ms)[0m  [1m[32mINSERT INTO "schema_migrations" ("version") VALUES (?)[0m  [["version", "20170207092013"]]
  [1m[35m (0.7ms)[0m  [1m[36mcommit transaction[0m
Migrating to AddUserIdToCat (20170207092350)
  [1m[35m (0.0ms)[0m  [1m[36mbegin transaction[0m
  [1m[35m (0.3ms)[0m  [1m[35mALTER TABLE "cats" ADD "user_id" integer[0m
  [1m[35mSQL (0.1ms)[0m  [1m[32mINSERT INTO "schema_migrations" ("version") VALUES (?)[0m  [["version", "20170207092350"]]
  [1m[35m (0.6ms)[0m  [1m[36mcommit transaction[0m
  [1m[36mActiveRecord::InternalMetadata Load (0.2ms)[0m  [1m[34mSELECT  "ar_internal_metadata".* FROM "ar_internal_metadata" WHERE "ar_internal_metadata"."key" = ? LIMIT ?[0m  [["key", :environment], ["LIMIT", 1]]
  [1m[35m (0.0ms)[0m  [1m[36mbegin transaction[0m
  [1m[35mSQL (0.2ms)[0m  [1m[32mINSERT INTO "ar_internal_metadata" ("key", "value", "created_at", "updated_at") VALUES (?, ?, ?, ?)[0m  [["key", "environment"], ["value", "development"], ["created_at", 2017-04-11 17:40:24 UTC], ["updated_at", 2017-04-11 17:40:24 UTC]]
  [1m[35m (0.9ms)[0m  [1m[36mcommit transaction[0m
  [1m[36mActiveRecord::SchemaMigration Load (0.1ms)[0m  [1m[34mSELECT "schema_migrations".* FROM "schema_migrations"[0m
Started GET "/users/" for 127.0.0.1 at 2017-04-11 19:40:31 +0200
Processing by UsersController#index as HTML
  Rendering users/index.html.erb within layouts/application
  [1m[36mUser Load (0.2ms)[0m  [1m[34mSELECT "users".* FROM "users"[0m
  Rendered users/index.html.erb within layouts/application (2.4ms)
Completed 200 OK in 25ms (Views: 20.5ms | ActiveRecord: 0.5ms)


Started GET "/users/new" for 127.0.0.1 at 2017-04-11 19:40:32 +0200
Processing by UsersController#new as HTML
  Rendering users/new.html.erb within layouts/application
  Rendered users/_form.html.erb (4.7ms)
  Rendered users/new.html.erb within layouts/application (7.3ms)
Completed 200 OK in 73ms (Views: 40.7ms | ActiveRecord: 0.7ms)


Started GET "/users/new" for 127.0.0.1 at 2017-04-11 19:40:46 +0200
Processing by UsersController#new as HTML
  Rendering users/new.html.erb within layouts/application
  Rendered users/_form.html.erb (2.6ms)
  Rendered users/new.html.erb within layouts/application (4.2ms)
Completed 200 OK in 33ms (Views: 22.8ms | ActiveRecord: 0.6ms)


Started POST "/users" for 127.0.0.1 at 2017-04-11 19:40:52 +0200
Processing by UsersController#create as HTML
  Parameters: {"utf8"=>"✓", "authenticity_token"=>"mz17cw5+bAtPHMepbGWfnk6JIJp3fWgZ17SKvDlugA0hwmqKd77vjQe0qYaTPCi31RJTdZl6cRX2InlgXEcx4A==", "user"=>{"name"=>"sdsad", "email"=>"dasda@dad.si", "age"=>"23"}, "commit"=>"Create User"}
  [1m[35m (0.1ms)[0m  [1m[36mbegin transaction[0m
  [1m[35mSQL (1.6ms)[0m  [1m[32mINSERT INTO "users" ("name", "email", "age", "created_at", "updated_at") VALUES (?, ?, ?, ?, ?)[0m  [["name", "sdsad"], ["email", "dasda@dad.si"], ["age", 23], ["created_at", 2017-04-11 17:40:52 UTC], ["updated_at", 2017-04-11 17:40:52 UTC]]
  [1m[35m (0.8ms)[0m  [1m[36mcommit transaction[0m
Redirected to http://localhost:3000/users/1
Completed 302 Found in 10ms (ActiveRecord: 2.5ms)


Started GET "/users/1" for 127.0.0.1 at 2017-04-11 19:40:52 +0200
Processing by UsersController#show as HTML
  Parameters: {"id"=>"1"}
  [1m[36mUser Load (0.2ms)[0m  [1m[34mSELECT  "users".* FROM "users" WHERE "users"."id" = ? LIMIT ?[0m  [["id", 1], ["LIMIT", 1]]
  Rendering users/show.html.erb within layouts/application
  Rendered users/show.html.erb within layouts/application (0.8ms)
Completed 200 OK in 23ms (Views: 19.0ms | ActiveRecord: 0.2ms)


Started GET "/users" for 127.0.0.1 at 2017-04-11 19:40:59 +0200
Processing by UsersController#index as HTML
  Rendering users/index.html.erb within layouts/application
  [1m[36mUser Load (0.2ms)[0m  [1m[34mSELECT "users".* FROM "users"[0m
  Rendered users/index.html.erb within layouts/application (3.0ms)
Completed 200 OK in 44ms (Views: 42.5ms | ActiveRecord: 0.2ms)


Started GET "/users/1/cats/new" for 127.0.0.1 at 2017-04-11 19:41:01 +0200
Processing by CatsController#new as HTML
  Parameters: {"user_id"=>"1"}
  [1m[36mUser Load (0.2ms)[0m  [1m[34mSELECT  "users".* FROM "users" WHERE "users"."id" = ? LIMIT ?[0m  [["id", 1], ["LIMIT", 1]]
  Rendering cats/new.html.erb within layouts/application
  Rendered cats/_form.html.erb (4.9ms)
  Rendered cats/new.html.erb within layouts/application (12.9ms)
Completed 200 OK in 95ms (Views: 63.1ms | ActiveRecord: 1.2ms)


Started POST "/users/1/cats" for 127.0.0.1 at 2017-04-11 19:41:04 +0200
Processing by CatsController#create as HTML
  Parameters: {"utf8"=>"✓", "authenticity_token"=>"QKAvcOILh2hiU2vKPpAJw05HhOJrKcRS8Zg0m0dG8UDnKvq8UrKo69NpoZfaZWzCD83D0MIYAt6AJgqIagfSyA==", "cat"=>{"name"=>"jjhj", "colour"=>"gygh"}, "commit"=>"Create Cat", "user_id"=>"1"}
  [1m[36mUser Load (0.1ms)[0m  [1m[34mSELECT  "users".* FROM "users" WHERE "users"."id" = ? LIMIT ?[0m  [["id", 1], ["LIMIT", 1]]
  [1m[35m (0.1ms)[0m  [1m[36mbegin transaction[0m
  [1m[36mUser Load (0.2ms)[0m  [1m[34mSELECT  "users".* FROM "users" WHERE "users"."id" = ? LIMIT ?[0m  [["id", 1], ["LIMIT", 1]]
  [1m[35mSQL (0.3ms)[0m  [1m[32mINSERT INTO "cats" ("name", "colour", "created_at", "updated_at", "user_id") VALUES (?, ?, ?, ?, ?)[0m  [["name", "jjhj"], ["colour", "gygh"], ["created_at", 2017-04-11 17:41:04 UTC], ["updated_at", 2017-04-11 17:41:04 UTC], ["user_id", 1]]
  [1m[35m (0.7ms)[0m  [1m[36mcommit transaction[0m
Redirected to http://localhost:3000/users/1/cats.1
Completed 302 Found in 12ms (ActiveRecord: 1.4ms)


Started GET "/users/1/cats.1" for 127.0.0.1 at 2017-04-11 19:41:04 +0200
Processing by CatsController#index as 
  Parameters: {"user_id"=>"1"}
  [1m[36mUser Load (0.1ms)[0m  [1m[34mSELECT  "users".* FROM "users" WHERE "users"."id" = ? LIMIT ?[0m  [["id", 1], ["LIMIT", 1]]
  Rendering cats/index.html.erb within layouts/application
  [1m[36mCat Load (0.2ms)[0m  [1m[34mSELECT "cats".* FROM "cats" WHERE "cats"."user_id" = ?[0m  [["user_id", 1]]
  Rendered cats/index.html.erb within layouts/application (2.6ms)
Completed 200 OK in 48ms (Views: 33.3ms | ActiveRecord: 0.3ms)


Started GET "/users/1/cats" for 127.0.0.1 at 2017-04-11 19:41:09 +0200
Processing by CatsController#index as HTML
  Parameters: {"user_id"=>"1"}
  [1m[36mUser Load (0.1ms)[0m  [1m[34mSELECT  "users".* FROM "users" WHERE "users"."id" = ? LIMIT ?[0m  [["id", 1], ["LIMIT", 1]]
  Rendering cats/index.html.erb within layouts/application
  [1m[36mCat Load (0.2ms)[0m  [1m[34mSELECT "cats".* FROM "cats" WHERE "cats"."user_id" = ?[0m  [["user_id", 1]]
  Rendered cats/index.html.erb within layouts/application (3.3ms)
Completed 200 OK in 50ms (Views: 46.5ms | ActiveRecord: 0.3ms)


Started GET "/users" for 127.0.0.1 at 2017-04-11 19:41:13 +0200
Processing by UsersController#index as HTML
  Rendering users/index.html.erb within layouts/application
  [1m[36mUser Load (0.2ms)[0m  [1m[34mSELECT "users".* FROM "users"[0m
  Rendered users/index.html.erb within layouts/application (9.7ms)
Completed 200 OK in 154ms (Views: 150.2ms | ActiveRecord: 0.2ms)


